app/build/intermediates/manifest_merge_blame_file/debug/manifest-merger-blame-debug-report.txt
1<?xml version="1.0" encoding="utf-8"?>
2<manifest xmlns:android="http://schemas.android.com/apk/res/android"
3    package="com.fika.fika_project"
4    android:versionCode="7"
5    android:versionName="1.1.4" >
6
7    <uses-sdk
8        android:minSdkVersion="21"
8-->src\main\AndroidManifest.xml
9        android:targetSdkVersion="32" />
9-->src\main\AndroidManifest.xml
10
11    <uses-permission android:name="android.permission.ACCESS_NETWORK_STATE" />
11-->src\main\AndroidManifest.xml:6:5-79
11-->src\main\AndroidManifest.xml:6:22-76
12    <uses-permission android:name="android.permission.INTERNET" />
12-->src\main\AndroidManifest.xml:7:5-67
12-->src\main\AndroidManifest.xml:7:22-64
13    <uses-permission android:name="android.permission.ACCESS_FINE_LOCATION" />
13-->src\main\AndroidManifest.xml:8:5-79
13-->src\main\AndroidManifest.xml:8:22-76
14    <uses-permission android:name="android.permission.ACCESS_COARSE_LOCATION" />
14-->src\main\AndroidManifest.xml:9:5-81
14-->src\main\AndroidManifest.xml:9:22-78
15
16    <queries>
16-->src\main\AndroidManifest.xml:11:5-13:15
17        <package android:name="com.kakao.talk" />
17-->src\main\AndroidManifest.xml:12:9-50
17-->src\main\AndroidManifest.xml:12:18-47
18        <package android:name="com.kakao.talk.alpha" />
18-->[com.kakao.sdk:v2-common:2.7.0] AndroidManifest.xml:13:9-56
18-->[com.kakao.sdk:v2-common:2.7.0] AndroidManifest.xml:13:18-53
19        <package android:name="com.kakao.talk.sandbox" />
19-->[com.kakao.sdk:v2-common:2.7.0] AndroidManifest.xml:14:9-58
19-->[com.kakao.sdk:v2-common:2.7.0] AndroidManifest.xml:14:18-55
20        <package android:name="com.kakao.onetalk" />
20-->[com.kakao.sdk:v2-common:2.7.0] AndroidManifest.xml:15:9-53
20-->[com.kakao.sdk:v2-common:2.7.0] AndroidManifest.xml:15:18-50
21        <package android:name="com.android.chrome" />
21-->[com.kakao.sdk:v2-common:2.7.0] AndroidManifest.xml:16:9-54
21-->[com.kakao.sdk:v2-common:2.7.0] AndroidManifest.xml:16:18-51
22        <package android:name="com.chrome.beta" />
22-->[com.kakao.sdk:v2-common:2.7.0] AndroidManifest.xml:17:9-51
22-->[com.kakao.sdk:v2-common:2.7.0] AndroidManifest.xml:17:18-48
23        <package android:name="com.chrome.dev" />
23-->[com.kakao.sdk:v2-common:2.7.0] AndroidManifest.xml:18:9-50
23-->[com.kakao.sdk:v2-common:2.7.0] AndroidManifest.xml:18:18-47
24    </queries>
25
26    <uses-permission android:name="android.permission.WAKE_LOCK" />
26-->[com.google.android.gms:play-services-measurement-api:21.1.0] AndroidManifest.xml:24:5-68
26-->[com.google.android.gms:play-services-measurement-api:21.1.0] AndroidManifest.xml:24:22-65
27    <uses-permission android:name="com.google.android.gms.permission.AD_ID" />
27-->[com.google.android.gms:play-services-measurement-api:21.1.0] AndroidManifest.xml:25:5-79
27-->[com.google.android.gms:play-services-measurement-api:21.1.0] AndroidManifest.xml:25:22-76
28    <uses-permission android:name="com.google.android.finsky.permission.BIND_GET_INSTALL_REFERRER_SERVICE" />
28-->[com.google.android.gms:play-services-measurement:21.1.0] AndroidManifest.xml:26:5-110
28-->[com.google.android.gms:play-services-measurement:21.1.0] AndroidManifest.xml:26:22-107
29
30    <application
30-->src\main\AndroidManifest.xml:15:5-82:19
31        android:name="com.fika.fika_project.ApplicationClass"
31-->src\main\AndroidManifest.xml:16:9-62
32        android:allowBackup="true"
32-->src\main\AndroidManifest.xml:17:9-35
33        android:appComponentFactory="androidx.core.app.CoreComponentFactory"
33-->[androidx.core:core:1.8.0] AndroidManifest.xml:24:18-86
34        android:debuggable="true"
35        android:icon="@mipmap/ic_launcher"
35-->src\main\AndroidManifest.xml:18:9-43
36        android:label="@string/app_name"
36-->src\main\AndroidManifest.xml:19:9-41
37        android:roundIcon="@mipmap/ic_launcher"
37-->src\main\AndroidManifest.xml:20:9-48
38        android:supportsRtl="true"
38-->src\main\AndroidManifest.xml:21:9-35
39        android:testOnly="true"
40        android:theme="@style/Theme.FIKA_Project"
40-->src\main\AndroidManifest.xml:22:9-50
41        android:usesCleartextTraffic="true" >
41-->src\main\AndroidManifest.xml:23:9-44
42        <activity
42-->src\main\AndroidManifest.xml:25:9-27:40
43            android:name="com.fika.fika_project.ui.main.mycourse.CourseInfoEditActivity"
43-->src\main\AndroidManifest.xml:26:13-89
44            android:exported="false" />
44-->src\main\AndroidManifest.xml:27:13-37
45        <activity
45-->src\main\AndroidManifest.xml:28:9-30:40
46            android:name="com.fika.fika_project.ui.main.explore.drama_info.LargeMapActivity"
46-->src\main\AndroidManifest.xml:29:13-93
47            android:exported="false" />
47-->src\main\AndroidManifest.xml:30:13-37
48        <activity
48-->src\main\AndroidManifest.xml:31:9-33:40
49            android:name="com.fika.fika_project.ui.main.explore.CourseDetailDramaOthers"
49-->src\main\AndroidManifest.xml:32:13-89
50            android:exported="false" />
50-->src\main\AndroidManifest.xml:33:13-37
51        <activity
51-->src\main\AndroidManifest.xml:34:9-36:40
52            android:name="com.fika.fika_project.ui.main.mycourse.ReviewWriteActivity"
52-->src\main\AndroidManifest.xml:35:13-86
53            android:exported="false" />
53-->src\main\AndroidManifest.xml:36:13-37
54        <activity
54-->src\main\AndroidManifest.xml:37:9-39:40
55            android:name="com.fika.fika_project.ui.main.mycourse.visit_course.VisitCompleteCourse"
55-->src\main\AndroidManifest.xml:38:13-99
56            android:exported="false" />
56-->src\main\AndroidManifest.xml:39:13-37
57        <activity
57-->src\main\AndroidManifest.xml:40:9-42:40
58            android:name="com.fika.fika_project.ui.main.home.search.SearchResultActivity"
58-->src\main\AndroidManifest.xml:41:13-90
59            android:exported="false" />
59-->src\main\AndroidManifest.xml:42:13-37
60        <activity
60-->src\main\AndroidManifest.xml:44:9-52:20
61            android:name="com.fika.fika_project.ui.splash.SplashActivity"
61-->src\main\AndroidManifest.xml:45:13-74
62            android:exported="true" >
62-->src\main\AndroidManifest.xml:46:13-36
63            <intent-filter>
63-->src\main\AndroidManifest.xml:47:13-51:29
64                <action android:name="android.intent.action.MAIN" />
64-->src\main\AndroidManifest.xml:48:17-69
64-->src\main\AndroidManifest.xml:48:25-66
65
66                <category android:name="android.intent.category.LAUNCHER" />
66-->src\main\AndroidManifest.xml:50:17-77
66-->src\main\AndroidManifest.xml:50:27-74
67            </intent-filter>
68        </activity>
69        <activity android:name="com.fika.fika_project.ui.main.MainActivity" />
69-->src\main\AndroidManifest.xml:54:9-79
69-->src\main\AndroidManifest.xml:54:19-76
70        <activity android:name="com.fika.fika_project.ui.login.LoginActivity" />
70-->src\main\AndroidManifest.xml:55:9-81
70-->src\main\AndroidManifest.xml:55:19-78
71        <activity android:name="com.fika.fika_project.ui.main.home.search.SearchActivity" />
71-->src\main\AndroidManifest.xml:56:9-93
71-->src\main\AndroidManifest.xml:56:19-90
72        <activity android:name="com.fika.fika_project.ui.main.mycourse.course_edit.MyCourseViewActivity" />
72-->src\main\AndroidManifest.xml:57:9-108
72-->src\main\AndroidManifest.xml:57:19-105
73        <activity android:name="com.fika.fika_project.ui.main.explore.FolderSelectActivity" />
73-->src\main\AndroidManifest.xml:58:9-95
73-->src\main\AndroidManifest.xml:58:19-92
74        <activity android:name="com.fika.fika_project.ui.main.explore.CourseDetailDrama" />
74-->src\main\AndroidManifest.xml:59:9-92
74-->src\main\AndroidManifest.xml:59:19-89
75        <activity android:name="com.fika.fika_project.ui.main.explore.drama_info.DramaInfoActivity" />
75-->src\main\AndroidManifest.xml:60:9-103
75-->src\main\AndroidManifest.xml:60:19-100
76        <activity android:name="com.fika.fika_project.ui.main.mycourse.course_edit.add_location.MyHoldLocationActivity" />
76-->src\main\AndroidManifest.xml:61:9-123
76-->src\main\AndroidManifest.xml:61:19-120
77        <activity android:name="com.fika.fika_project.ui.main.mycourse.placeinfo.PlaceinfoActivity" />
77-->src\main\AndroidManifest.xml:62:9-103
77-->src\main\AndroidManifest.xml:62:19-100
78        <activity
78-->src\main\AndroidManifest.xml:63:9-77:20
79            android:name="com.kakao.sdk.auth.AuthCodeHandlerActivity"
79-->src\main\AndroidManifest.xml:64:13-70
80            android:exported="true"
80-->src\main\AndroidManifest.xml:65:13-36
81            android:launchMode="singleTask"
81-->[com.kakao.sdk:v2-auth:2.7.0] AndroidManifest.xml:19:13-44
82            android:theme="@style/TransparentCompat" >
82-->[com.kakao.sdk:v2-auth:2.7.0] AndroidManifest.xml:20:13-53
83            <intent-filter>
83-->src\main\AndroidManifest.xml:66:13-76:29
84                <action android:name="android.intent.action.VIEW" />
84-->src\main\AndroidManifest.xml:67:17-69
84-->src\main\AndroidManifest.xml:67:25-66
85
86                <category android:name="android.intent.category.DEFAULT" />
86-->src\main\AndroidManifest.xml:69:17-76
86-->src\main\AndroidManifest.xml:69:27-73
87                <category android:name="android.intent.category.BROWSABLE" />
87-->src\main\AndroidManifest.xml:70:17-78
87-->src\main\AndroidManifest.xml:70:27-75
88
89                <!-- Redirect URI: "kakao{NATIVE_APP_KEY}://oauth" -->
90                <data
90-->src\main\AndroidManifest.xml:73:17-75:65
91                    android:host="oauth"
91-->src\main\AndroidManifest.xml:74:21-41
92                    android:scheme="@string/kakao_native_key" />
92-->src\main\AndroidManifest.xml:75:21-62
93            </intent-filter>
94        </activity>
95
96        <meta-data
96-->src\main\AndroidManifest.xml:79:9-81:64
97            android:name="com.kakao.sdk.AppKey"
97-->src\main\AndroidManifest.xml:80:13-48
98            android:value="8f19d7b7c42cc6b338c1a0abda3e3b93" />
98-->src\main\AndroidManifest.xml:81:13-61
99
100        <activity
100-->[com.kakao.sdk:v2-auth:2.7.0] AndroidManifest.xml:12:9-16:56
101            android:name="com.kakao.sdk.auth.TalkAuthCodeActivity"
101-->[com.kakao.sdk:v2-auth:2.7.0] AndroidManifest.xml:13:13-67
102            android:exported="false"
102-->[com.kakao.sdk:v2-auth:2.7.0] AndroidManifest.xml:14:13-37
103            android:launchMode="singleTask"
103-->[com.kakao.sdk:v2-auth:2.7.0] AndroidManifest.xml:15:13-44
104            android:theme="@style/TransparentCompat" />
104-->[com.kakao.sdk:v2-auth:2.7.0] AndroidManifest.xml:16:13-53
105
106        <uses-library
106-->[androidx.window:window:1.0.0] AndroidManifest.xml:25:9-27:40
107            android:name="androidx.window.extensions"
107-->[androidx.window:window:1.0.0] AndroidManifest.xml:26:13-54
108            android:required="false" />
108-->[androidx.window:window:1.0.0] AndroidManifest.xml:27:13-37
109        <uses-library
109-->[androidx.window:window:1.0.0] AndroidManifest.xml:28:9-30:40
110            android:name="androidx.window.sidecar"
110-->[androidx.window:window:1.0.0] AndroidManifest.xml:29:13-51
111            android:required="false" />
111-->[androidx.window:window:1.0.0] AndroidManifest.xml:30:13-37
112
113        <activity
113-->[com.google.android.gms:play-services-auth:20.3.0] AndroidManifest.xml:23:9-27:75
114            android:name="com.google.android.gms.auth.api.signin.internal.SignInHubActivity"
114-->[com.google.android.gms:play-services-auth:20.3.0] AndroidManifest.xml:24:13-93
115            android:excludeFromRecents="true"
115-->[com.google.android.gms:play-services-auth:20.3.0] AndroidManifest.xml:25:13-46
116            android:exported="false"
116-->[com.google.android.gms:play-services-auth:20.3.0] AndroidManifest.xml:26:13-37
117            android:theme="@android:style/Theme.Translucent.NoTitleBar" />
117-->[com.google.android.gms:play-services-auth:20.3.0] AndroidManifest.xml:27:13-72
118        <!--
119            Service handling Google Sign-In user revocation. For apps that do not integrate with
120            Google Sign-In, this service will never be started.
121        -->
122        <service
122-->[com.google.android.gms:play-services-auth:20.3.0] AndroidManifest.xml:33:9-37:51
123            android:name="com.google.android.gms.auth.api.signin.RevocationBoundService"
123-->[com.google.android.gms:play-services-auth:20.3.0] AndroidManifest.xml:34:13-89
124            android:exported="true"
124-->[com.google.android.gms:play-services-auth:20.3.0] AndroidManifest.xml:35:13-36
125            android:permission="com.google.android.gms.auth.api.signin.permission.REVOCATION_NOTIFICATION"
125-->[com.google.android.gms:play-services-auth:20.3.0] AndroidManifest.xml:36:13-107
126            android:visibleToInstantApps="true" />
126-->[com.google.android.gms:play-services-auth:20.3.0] AndroidManifest.xml:37:13-48
127
128        <activity
128-->[com.kakao.sdk:auth:1.30.0] AndroidManifest.xml:12:9-19:20
129            android:name="com.kakao.auth.authorization.authcode.KakaoWebViewActivity"
129-->[com.kakao.sdk:auth:1.30.0] AndroidManifest.xml:13:13-86
130            android:configChanges="orientation|screenSize"
130-->[com.kakao.sdk:auth:1.30.0] AndroidManifest.xml:14:13-59
131            android:exported="false"
131-->[com.kakao.sdk:auth:1.30.0] AndroidManifest.xml:15:13-37
132            android:label="@string/com_kakao_login_button"
132-->[com.kakao.sdk:auth:1.30.0] AndroidManifest.xml:16:13-59
133            android:launchMode="singleTop"
133-->[com.kakao.sdk:auth:1.30.0] AndroidManifest.xml:17:13-43
134            android:windowSoftInputMode="adjustResize" >
134-->[com.kakao.sdk:auth:1.30.0] AndroidManifest.xml:18:13-55
135        </activity>
136        <activity
136-->[com.google.android.gms:play-services-base:18.0.1] AndroidManifest.xml:20:9-22:45
137            android:name="com.google.android.gms.common.api.GoogleApiActivity"
137-->[com.google.android.gms:play-services-base:18.0.1] AndroidManifest.xml:20:19-85
138            android:exported="false"
138-->[com.google.android.gms:play-services-base:18.0.1] AndroidManifest.xml:22:19-43
139            android:theme="@android:style/Theme.Translucent.NoTitleBar" />
139-->[com.google.android.gms:play-services-base:18.0.1] AndroidManifest.xml:21:19-78
140
141        <service
141-->[com.google.firebase:firebase-analytics-ktx:21.1.0] AndroidManifest.xml:8:9-14:19
142            android:name="com.google.firebase.components.ComponentDiscoveryService"
142-->[com.google.firebase:firebase-analytics-ktx:21.1.0] AndroidManifest.xml:9:13-84
143            android:directBootAware="true"
143-->[com.google.firebase:firebase-common:20.1.1] AndroidManifest.xml:35:13-43
144            android:exported="false" >
144-->[com.google.firebase:firebase-analytics-ktx:21.1.0] AndroidManifest.xml:10:13-37
145            <meta-data
145-->[com.google.firebase:firebase-analytics-ktx:21.1.0] AndroidManifest.xml:11:13-13:85
146                android:name="com.google.firebase.components:com.google.firebase.analytics.ktx.FirebaseAnalyticsKtxRegistrar"
146-->[com.google.firebase:firebase-analytics-ktx:21.1.0] AndroidManifest.xml:12:17-126
147                android:value="com.google.firebase.components.ComponentRegistrar" />
147-->[com.google.firebase:firebase-analytics-ktx:21.1.0] AndroidManifest.xml:13:17-82
148            <meta-data
148-->[com.google.firebase:firebase-common-ktx:20.1.1] AndroidManifest.xml:15:13-17:85
149                android:name="com.google.firebase.components:com.google.firebase.ktx.FirebaseCommonKtxRegistrar"
149-->[com.google.firebase:firebase-common-ktx:20.1.1] AndroidManifest.xml:16:17-113
150                android:value="com.google.firebase.components.ComponentRegistrar" />
150-->[com.google.firebase:firebase-common-ktx:20.1.1] AndroidManifest.xml:17:17-82
151            <meta-data
151-->[com.google.android.gms:play-services-measurement-api:21.1.0] AndroidManifest.xml:31:13-33:85
152                android:name="com.google.firebase.components:com.google.firebase.analytics.connector.internal.AnalyticsConnectorRegistrar"
152-->[com.google.android.gms:play-services-measurement-api:21.1.0] AndroidManifest.xml:32:17-139
153                android:value="com.google.firebase.components.ComponentRegistrar" />
153-->[com.google.android.gms:play-services-measurement-api:21.1.0] AndroidManifest.xml:33:17-82
154            <meta-data
154-->[com.google.firebase:firebase-installations:17.0.1] AndroidManifest.xml:18:13-20:85
155                android:name="com.google.firebase.components:com.google.firebase.installations.FirebaseInstallationsRegistrar"
155-->[com.google.firebase:firebase-installations:17.0.1] AndroidManifest.xml:19:17-127
156                android:value="com.google.firebase.components.ComponentRegistrar" />
156-->[com.google.firebase:firebase-installations:17.0.1] AndroidManifest.xml:20:17-82
157        </service>
158
159        <provider
159-->[com.google.firebase:firebase-common:20.1.1] AndroidManifest.xml:26:9-31:39
160            android:name="com.google.firebase.provider.FirebaseInitProvider"
160-->[com.google.firebase:firebase-common:20.1.1] AndroidManifest.xml:27:13-77
161            android:authorities="com.fika.fika_project.firebaseinitprovider"
161-->[com.google.firebase:firebase-common:20.1.1] AndroidManifest.xml:28:13-72
162            android:directBootAware="true"
162-->[com.google.firebase:firebase-common:20.1.1] AndroidManifest.xml:29:13-43
163            android:exported="false"
163-->[com.google.firebase:firebase-common:20.1.1] AndroidManifest.xml:30:13-37
164            android:initOrder="100" />
164-->[com.google.firebase:firebase-common:20.1.1] AndroidManifest.xml:31:13-36
165
166        <receiver
166-->[com.google.android.gms:play-services-measurement:21.1.0] AndroidManifest.xml:29:9-33:20
167            android:name="com.google.android.gms.measurement.AppMeasurementReceiver"
167-->[com.google.android.gms:play-services-measurement:21.1.0] AndroidManifest.xml:30:13-85
168            android:enabled="true"
168-->[com.google.android.gms:play-services-measurement:21.1.0] AndroidManifest.xml:31:13-35
169            android:exported="false" >
169-->[com.google.android.gms:play-services-measurement:21.1.0] AndroidManifest.xml:32:13-37
170        </receiver>
171
172        <service
172-->[com.google.android.gms:play-services-measurement:21.1.0] AndroidManifest.xml:35:9-38:40
173            android:name="com.google.android.gms.measurement.AppMeasurementService"
173-->[com.google.android.gms:play-services-measurement:21.1.0] AndroidManifest.xml:36:13-84
174            android:enabled="true"
174-->[com.google.android.gms:play-services-measurement:21.1.0] AndroidManifest.xml:37:13-35
175            android:exported="false" />
175-->[com.google.android.gms:play-services-measurement:21.1.0] AndroidManifest.xml:38:13-37
176        <service
176-->[com.google.android.gms:play-services-measurement:21.1.0] AndroidManifest.xml:39:9-43:72
177            android:name="com.google.android.gms.measurement.AppMeasurementJobService"
177-->[com.google.android.gms:play-services-measurement:21.1.0] AndroidManifest.xml:40:13-87
178            android:enabled="true"
178-->[com.google.android.gms:play-services-measurement:21.1.0] AndroidManifest.xml:41:13-35
179            android:exported="false"
179-->[com.google.android.gms:play-services-measurement:21.1.0] AndroidManifest.xml:42:13-37
180            android:permission="android.permission.BIND_JOB_SERVICE" />
180-->[com.google.android.gms:play-services-measurement:21.1.0] AndroidManifest.xml:43:13-69
181
182        <meta-data
182-->[com.google.android.gms:play-services-basement:18.1.0] AndroidManifest.xml:21:9-23:69
183            android:name="com.google.android.gms.version"
183-->[com.google.android.gms:play-services-basement:18.1.0] AndroidManifest.xml:22:13-58
184            android:value="@integer/google_play_services_version" />
184-->[com.google.android.gms:play-services-basement:18.1.0] AndroidManifest.xml:23:13-66
185
186        <provider
186-->[androidx.emoji2:emoji2:1.2.0] AndroidManifest.xml:24:9-32:20
187            android:name="androidx.startup.InitializationProvider"
187-->[androidx.emoji2:emoji2:1.2.0] AndroidManifest.xml:25:13-67
188            android:authorities="com.fika.fika_project.androidx-startup"
188-->[androidx.emoji2:emoji2:1.2.0] AndroidManifest.xml:26:13-68
189            android:exported="false" >
189-->[androidx.emoji2:emoji2:1.2.0] AndroidManifest.xml:27:13-37
190            <meta-data
190-->[androidx.emoji2:emoji2:1.2.0] AndroidManifest.xml:29:13-31:52
191                android:name="androidx.emoji2.text.EmojiCompatInitializer"
191-->[androidx.emoji2:emoji2:1.2.0] AndroidManifest.xml:30:17-75
192                android:value="androidx.startup" />
192-->[androidx.emoji2:emoji2:1.2.0] AndroidManifest.xml:31:17-49
193            <meta-data
193-->[androidx.lifecycle:lifecycle-process:2.4.1] AndroidManifest.xml:31:13-33:52
194                android:name="androidx.lifecycle.ProcessLifecycleInitializer"
194-->[androidx.lifecycle:lifecycle-process:2.4.1] AndroidManifest.xml:32:17-78
195                android:value="androidx.startup" />
195-->[androidx.lifecycle:lifecycle-process:2.4.1] AndroidManifest.xml:33:17-49
196        </provider>
197    </application>
198
199</manifest>